Analysis & Synthesis report for dut_instance
Sat Dec 17 18:56:28 2022
Quartus Prime Version 20.1.1 Build 720 11/11/2020 SJ Lite Edition


---------------------
; Table of Contents ;
---------------------
  1. Legal Notice
  2. Analysis & Synthesis Summary
  3. Analysis & Synthesis Settings
  4. Parallel Compilation
  5. Analysis & Synthesis Messages



----------------
; Legal Notice ;
----------------
Copyright (C) 2020  Intel Corporation. All rights reserved.
Your use of Intel Corporation's design tools, logic functions 
and other software and tools, and any partner logic 
functions, and any output files from any of the foregoing 
(including device programming or simulation files), and any 
associated documentation or information are expressly subject 
to the terms and conditions of the Intel Program License 
Subscription Agreement, the Intel Quartus Prime License Agreement,
the Intel FPGA IP License Agreement, or other applicable license
agreement, including, without limitation, that your use is for
the sole purpose of programming logic devices manufactured by
Intel and sold by Intel or its authorized distributors.  Please
refer to the applicable agreement for further details, at
https://fpgasoftware.intel.com/eula.



+----------------------------------------------------------------------------------+
; Analysis & Synthesis Summary                                                     ;
+------------------------------------+---------------------------------------------+
; Analysis & Synthesis Status        ; Failed - Sat Dec 17 18:56:28 2022           ;
; Quartus Prime Version              ; 20.1.1 Build 720 11/11/2020 SJ Lite Edition ;
; Revision Name                      ; dut_instance                                ;
; Top-level Entity Name              ; Datapath                                    ;
; Family                             ; MAX 10                                      ;
; Total logic elements               ; N/A until Partition Merge                   ;
;     Total combinational functions  ; N/A until Partition Merge                   ;
;     Dedicated logic registers      ; N/A until Partition Merge                   ;
; Total registers                    ; N/A until Partition Merge                   ;
; Total pins                         ; N/A until Partition Merge                   ;
; Total virtual pins                 ; N/A until Partition Merge                   ;
; Total memory bits                  ; N/A until Partition Merge                   ;
; Embedded Multiplier 9-bit elements ; N/A until Partition Merge                   ;
; Total PLLs                         ; N/A until Partition Merge                   ;
; UFM blocks                         ; N/A until Partition Merge                   ;
; ADC blocks                         ; N/A until Partition Merge                   ;
+------------------------------------+---------------------------------------------+


+------------------------------------------------------------------------------------------------------------+
; Analysis & Synthesis Settings                                                                              ;
+------------------------------------------------------------------+--------------------+--------------------+
; Option                                                           ; Setting            ; Default Value      ;
+------------------------------------------------------------------+--------------------+--------------------+
; Device                                                           ; 10M25SAE144C8G     ;                    ;
; Top-level entity name                                            ; Datapath           ; dut_instance       ;
; Family name                                                      ; MAX 10             ; Cyclone V          ;
; Use smart compilation                                            ; Off                ; Off                ;
; Enable parallel Assembler and Timing Analyzer during compilation ; On                 ; On                 ;
; Enable compact report table                                      ; Off                ; Off                ;
; Restructure Multiplexers                                         ; Auto               ; Auto               ;
; Create Debugging Nodes for IP Cores                              ; Off                ; Off                ;
; Preserve fewer node names                                        ; On                 ; On                 ;
; Intel FPGA IP Evaluation Mode                                    ; Enable             ; Enable             ;
; Verilog Version                                                  ; Verilog_2001       ; Verilog_2001       ;
; VHDL Version                                                     ; VHDL_1993          ; VHDL_1993          ;
; State Machine Processing                                         ; Auto               ; Auto               ;
; Safe State Machine                                               ; Off                ; Off                ;
; Extract Verilog State Machines                                   ; On                 ; On                 ;
; Extract VHDL State Machines                                      ; On                 ; On                 ;
; Ignore Verilog initial constructs                                ; Off                ; Off                ;
; Iteration limit for constant Verilog loops                       ; 5000               ; 5000               ;
; Iteration limit for non-constant Verilog loops                   ; 250                ; 250                ;
; Add Pass-Through Logic to Inferred RAMs                          ; On                 ; On                 ;
; Infer RAMs from Raw Logic                                        ; On                 ; On                 ;
; Parallel Synthesis                                               ; On                 ; On                 ;
; DSP Block Balancing                                              ; Auto               ; Auto               ;
; NOT Gate Push-Back                                               ; On                 ; On                 ;
; Power-Up Don't Care                                              ; On                 ; On                 ;
; Remove Redundant Logic Cells                                     ; Off                ; Off                ;
; Remove Duplicate Registers                                       ; On                 ; On                 ;
; Ignore CARRY Buffers                                             ; Off                ; Off                ;
; Ignore CASCADE Buffers                                           ; Off                ; Off                ;
; Ignore GLOBAL Buffers                                            ; Off                ; Off                ;
; Ignore ROW GLOBAL Buffers                                        ; Off                ; Off                ;
; Ignore LCELL Buffers                                             ; Off                ; Off                ;
; Ignore SOFT Buffers                                              ; On                 ; On                 ;
; Limit AHDL Integers to 32 Bits                                   ; Off                ; Off                ;
; Optimization Technique                                           ; Balanced           ; Balanced           ;
; Carry Chain Length                                               ; 70                 ; 70                 ;
; Auto Carry Chains                                                ; On                 ; On                 ;
; Auto Open-Drain Pins                                             ; On                 ; On                 ;
; Perform WYSIWYG Primitive Resynthesis                            ; Off                ; Off                ;
; Auto ROM Replacement                                             ; On                 ; On                 ;
; Auto RAM Replacement                                             ; On                 ; On                 ;
; Auto DSP Block Replacement                                       ; On                 ; On                 ;
; Auto Shift Register Replacement                                  ; Auto               ; Auto               ;
; Allow Shift Register Merging across Hierarchies                  ; Auto               ; Auto               ;
; Auto Clock Enable Replacement                                    ; On                 ; On                 ;
; Strict RAM Replacement                                           ; Off                ; Off                ;
; Allow Synchronous Control Signals                                ; On                 ; On                 ;
; Force Use of Synchronous Clear Signals                           ; Off                ; Off                ;
; Auto RAM Block Balancing                                         ; On                 ; On                 ;
; Auto RAM to Logic Cell Conversion                                ; Off                ; Off                ;
; Auto Resource Sharing                                            ; Off                ; Off                ;
; Allow Any RAM Size For Recognition                               ; Off                ; Off                ;
; Allow Any ROM Size For Recognition                               ; Off                ; Off                ;
; Allow Any Shift Register Size For Recognition                    ; Off                ; Off                ;
; Use LogicLock Constraints during Resource Balancing              ; On                 ; On                 ;
; Ignore translate_off and synthesis_off directives                ; Off                ; Off                ;
; Timing-Driven Synthesis                                          ; On                 ; On                 ;
; Report Parameter Settings                                        ; On                 ; On                 ;
; Report Source Assignments                                        ; On                 ; On                 ;
; Report Connectivity Checks                                       ; On                 ; On                 ;
; Ignore Maximum Fan-Out Assignments                               ; Off                ; Off                ;
; Synchronization Register Chain Length                            ; 2                  ; 2                  ;
; Power Optimization During Synthesis                              ; Normal compilation ; Normal compilation ;
; HDL message level                                                ; Level2             ; Level2             ;
; Suppress Register Optimization Related Messages                  ; Off                ; Off                ;
; Number of Removed Registers Reported in Synthesis Report         ; 5000               ; 5000               ;
; Number of Swept Nodes Reported in Synthesis Report               ; 5000               ; 5000               ;
; Number of Inverted Registers Reported in Synthesis Report        ; 100                ; 100                ;
; Clock MUX Protection                                             ; On                 ; On                 ;
; Auto Gated Clock Conversion                                      ; Off                ; Off                ;
; Block Design Naming                                              ; Auto               ; Auto               ;
; SDC constraint protection                                        ; Off                ; Off                ;
; Synthesis Effort                                                 ; Auto               ; Auto               ;
; Shift Register Replacement - Allow Asynchronous Clear Signal     ; On                 ; On                 ;
; Pre-Mapping Resynthesis Optimization                             ; Off                ; Off                ;
; Analysis & Synthesis Message Level                               ; Medium             ; Medium             ;
; Disable Register Merging Across Hierarchies                      ; Auto               ; Auto               ;
; Resource Aware Inference For Block RAM                           ; On                 ; On                 ;
+------------------------------------------------------------------+--------------------+--------------------+


+------------------------------------------+
; Parallel Compilation                     ;
+----------------------------+-------------+
; Processors                 ; Number      ;
+----------------------------+-------------+
; Number detected on machine ; 8           ;
; Maximum allowed            ; 4           ;
;                            ;             ;
; Average used               ; 1.00        ;
; Maximum used               ; 1           ;
;                            ;             ;
; Usage by Processor         ; % Time Used ;
;     Processor 1            ; 100.0%      ;
+----------------------------+-------------+


+-------------------------------+
; Analysis & Synthesis Messages ;
+-------------------------------+
Info: *******************************************************************
Info: Running Quartus Prime Analysis & Synthesis
    Info: Version 20.1.1 Build 720 11/11/2020 SJ Lite Edition
    Info: Processing started: Sat Dec 17 18:56:14 2022
Info: Command: quartus_map --read_settings_files=on --write_settings_files=off Datapath -c dut_instance
Warning (18236): Number of processors has not been specified which may cause overloading on shared machines.  Set the global assignment NUM_PARALLEL_PROCESSORS in your QSF to an appropriate value for best performance.
Info (20030): Parallel compilation is enabled and will use 4 of the 4 processors detected
Info (12021): Found 4 design units, including 2 entities, in source file datapath.vhd
    Info (12022): Found design unit 1: Datapath-flow File: D:/EE@IITB/EE 224/IITB_CPU_Project/Entities/Datapath/Datapath.vhd Line: 15
    Info (12022): Found design unit 2: state_FSM-Struct File: D:/EE@IITB/EE 224/IITB_CPU_Project/Entities/Datapath/Datapath.vhd Line: 285
    Info (12023): Found entity 1: Datapath File: D:/EE@IITB/EE 224/IITB_CPU_Project/Entities/Datapath/Datapath.vhd Line: 5
    Info (12023): Found entity 2: state_FSM File: D:/EE@IITB/EE 224/IITB_CPU_Project/Entities/Datapath/Datapath.vhd Line: 277
Info (12127): Elaborating entity "Datapath" for the top level hierarchy
Warning (10631): VHDL Process Statement warning at Datapath.vhd(90): inferring latch(es) for signal or variable "memAddr", which holds its previous value in one or more paths through the process File: D:/EE@IITB/EE 224/IITB_CPU_Project/Entities/Datapath/Datapath.vhd Line: 90
Warning (10631): VHDL Process Statement warning at Datapath.vhd(90): inferring latch(es) for signal or variable "t1in", which holds its previous value in one or more paths through the process File: D:/EE@IITB/EE 224/IITB_CPU_Project/Entities/Datapath/Datapath.vhd Line: 90
Warning (10631): VHDL Process Statement warning at Datapath.vhd(90): inferring latch(es) for signal or variable "enable", which holds its previous value in one or more paths through the process File: D:/EE@IITB/EE 224/IITB_CPU_Project/Entities/Datapath/Datapath.vhd Line: 90
Warning (10631): VHDL Process Statement warning at Datapath.vhd(90): inferring latch(es) for signal or variable "aluA", which holds its previous value in one or more paths through the process File: D:/EE@IITB/EE 224/IITB_CPU_Project/Entities/Datapath/Datapath.vhd Line: 90
Warning (10631): VHDL Process Statement warning at Datapath.vhd(90): inferring latch(es) for signal or variable "aluB", which holds its previous value in one or more paths through the process File: D:/EE@IITB/EE 224/IITB_CPU_Project/Entities/Datapath/Datapath.vhd Line: 90
Warning (10631): VHDL Process Statement warning at Datapath.vhd(90): inferring latch(es) for signal or variable "aluOp", which holds its previous value in one or more paths through the process File: D:/EE@IITB/EE 224/IITB_CPU_Project/Entities/Datapath/Datapath.vhd Line: 90
Warning (10631): VHDL Process Statement warning at Datapath.vhd(90): inferring latch(es) for signal or variable "rfa3", which holds its previous value in one or more paths through the process File: D:/EE@IITB/EE 224/IITB_CPU_Project/Entities/Datapath/Datapath.vhd Line: 90
Warning (10631): VHDL Process Statement warning at Datapath.vhd(90): inferring latch(es) for signal or variable "rfd3", which holds its previous value in one or more paths through the process File: D:/EE@IITB/EE 224/IITB_CPU_Project/Entities/Datapath/Datapath.vhd Line: 90
Warning (10631): VHDL Process Statement warning at Datapath.vhd(90): inferring latch(es) for signal or variable "rfa1", which holds its previous value in one or more paths through the process File: D:/EE@IITB/EE 224/IITB_CPU_Project/Entities/Datapath/Datapath.vhd Line: 90
Warning (10631): VHDL Process Statement warning at Datapath.vhd(90): inferring latch(es) for signal or variable "rfa2", which holds its previous value in one or more paths through the process File: D:/EE@IITB/EE 224/IITB_CPU_Project/Entities/Datapath/Datapath.vhd Line: 90
Warning (10631): VHDL Process Statement warning at Datapath.vhd(90): inferring latch(es) for signal or variable "t2in", which holds its previous value in one or more paths through the process File: D:/EE@IITB/EE 224/IITB_CPU_Project/Entities/Datapath/Datapath.vhd Line: 90
Warning (10631): VHDL Process Statement warning at Datapath.vhd(90): inferring latch(es) for signal or variable "t3in", which holds its previous value in one or more paths through the process File: D:/EE@IITB/EE 224/IITB_CPU_Project/Entities/Datapath/Datapath.vhd Line: 90
Warning (10631): VHDL Process Statement warning at Datapath.vhd(90): inferring latch(es) for signal or variable "mem_in", which holds its previous value in one or more paths through the process File: D:/EE@IITB/EE 224/IITB_CPU_Project/Entities/Datapath/Datapath.vhd Line: 90
Warning (10631): VHDL Process Statement warning at Datapath.vhd(90): inferring latch(es) for signal or variable "Z_beq", which holds its previous value in one or more paths through the process File: D:/EE@IITB/EE 224/IITB_CPU_Project/Entities/Datapath/Datapath.vhd Line: 90
Info (10041): Inferred latch for "Z_beq" at Datapath.vhd(90) File: D:/EE@IITB/EE 224/IITB_CPU_Project/Entities/Datapath/Datapath.vhd Line: 90
Info (10041): Inferred latch for "mem_in[0]" at Datapath.vhd(90) File: D:/EE@IITB/EE 224/IITB_CPU_Project/Entities/Datapath/Datapath.vhd Line: 90
Info (10041): Inferred latch for "mem_in[1]" at Datapath.vhd(90) File: D:/EE@IITB/EE 224/IITB_CPU_Project/Entities/Datapath/Datapath.vhd Line: 90
Info (10041): Inferred latch for "mem_in[2]" at Datapath.vhd(90) File: D:/EE@IITB/EE 224/IITB_CPU_Project/Entities/Datapath/Datapath.vhd Line: 90
Info (10041): Inferred latch for "mem_in[3]" at Datapath.vhd(90) File: D:/EE@IITB/EE 224/IITB_CPU_Project/Entities/Datapath/Datapath.vhd Line: 90
Info (10041): Inferred latch for "mem_in[4]" at Datapath.vhd(90) File: D:/EE@IITB/EE 224/IITB_CPU_Project/Entities/Datapath/Datapath.vhd Line: 90
Info (10041): Inferred latch for "mem_in[5]" at Datapath.vhd(90) File: D:/EE@IITB/EE 224/IITB_CPU_Project/Entities/Datapath/Datapath.vhd Line: 90
Info (10041): Inferred latch for "mem_in[6]" at Datapath.vhd(90) File: D:/EE@IITB/EE 224/IITB_CPU_Project/Entities/Datapath/Datapath.vhd Line: 90
Info (10041): Inferred latch for "mem_in[7]" at Datapath.vhd(90) File: D:/EE@IITB/EE 224/IITB_CPU_Project/Entities/Datapath/Datapath.vhd Line: 90
Info (10041): Inferred latch for "mem_in[8]" at Datapath.vhd(90) File: D:/EE@IITB/EE 224/IITB_CPU_Project/Entities/Datapath/Datapath.vhd Line: 90
Info (10041): Inferred latch for "mem_in[9]" at Datapath.vhd(90) File: D:/EE@IITB/EE 224/IITB_CPU_Project/Entities/Datapath/Datapath.vhd Line: 90
Info (10041): Inferred latch for "mem_in[10]" at Datapath.vhd(90) File: D:/EE@IITB/EE 224/IITB_CPU_Project/Entities/Datapath/Datapath.vhd Line: 90
Info (10041): Inferred latch for "mem_in[11]" at Datapath.vhd(90) File: D:/EE@IITB/EE 224/IITB_CPU_Project/Entities/Datapath/Datapath.vhd Line: 90
Info (10041): Inferred latch for "mem_in[12]" at Datapath.vhd(90) File: D:/EE@IITB/EE 224/IITB_CPU_Project/Entities/Datapath/Datapath.vhd Line: 90
Info (10041): Inferred latch for "mem_in[13]" at Datapath.vhd(90) File: D:/EE@IITB/EE 224/IITB_CPU_Project/Entities/Datapath/Datapath.vhd Line: 90
Info (10041): Inferred latch for "mem_in[14]" at Datapath.vhd(90) File: D:/EE@IITB/EE 224/IITB_CPU_Project/Entities/Datapath/Datapath.vhd Line: 90
Info (10041): Inferred latch for "mem_in[15]" at Datapath.vhd(90) File: D:/EE@IITB/EE 224/IITB_CPU_Project/Entities/Datapath/Datapath.vhd Line: 90
Info (10041): Inferred latch for "t3in[0]" at Datapath.vhd(90) File: D:/EE@IITB/EE 224/IITB_CPU_Project/Entities/Datapath/Datapath.vhd Line: 90
Info (10041): Inferred latch for "t3in[1]" at Datapath.vhd(90) File: D:/EE@IITB/EE 224/IITB_CPU_Project/Entities/Datapath/Datapath.vhd Line: 90
Info (10041): Inferred latch for "t3in[2]" at Datapath.vhd(90) File: D:/EE@IITB/EE 224/IITB_CPU_Project/Entities/Datapath/Datapath.vhd Line: 90
Info (10041): Inferred latch for "t3in[3]" at Datapath.vhd(90) File: D:/EE@IITB/EE 224/IITB_CPU_Project/Entities/Datapath/Datapath.vhd Line: 90
Info (10041): Inferred latch for "t3in[4]" at Datapath.vhd(90) File: D:/EE@IITB/EE 224/IITB_CPU_Project/Entities/Datapath/Datapath.vhd Line: 90
Info (10041): Inferred latch for "t3in[5]" at Datapath.vhd(90) File: D:/EE@IITB/EE 224/IITB_CPU_Project/Entities/Datapath/Datapath.vhd Line: 90
Info (10041): Inferred latch for "t3in[6]" at Datapath.vhd(90) File: D:/EE@IITB/EE 224/IITB_CPU_Project/Entities/Datapath/Datapath.vhd Line: 90
Info (10041): Inferred latch for "t3in[7]" at Datapath.vhd(90) File: D:/EE@IITB/EE 224/IITB_CPU_Project/Entities/Datapath/Datapath.vhd Line: 90
Info (10041): Inferred latch for "t3in[8]" at Datapath.vhd(90) File: D:/EE@IITB/EE 224/IITB_CPU_Project/Entities/Datapath/Datapath.vhd Line: 90
Info (10041): Inferred latch for "t3in[9]" at Datapath.vhd(90) File: D:/EE@IITB/EE 224/IITB_CPU_Project/Entities/Datapath/Datapath.vhd Line: 90
Info (10041): Inferred latch for "t3in[10]" at Datapath.vhd(90) File: D:/EE@IITB/EE 224/IITB_CPU_Project/Entities/Datapath/Datapath.vhd Line: 90
Info (10041): Inferred latch for "t3in[11]" at Datapath.vhd(90) File: D:/EE@IITB/EE 224/IITB_CPU_Project/Entities/Datapath/Datapath.vhd Line: 90
Info (10041): Inferred latch for "t3in[12]" at Datapath.vhd(90) File: D:/EE@IITB/EE 224/IITB_CPU_Project/Entities/Datapath/Datapath.vhd Line: 90
Info (10041): Inferred latch for "t3in[13]" at Datapath.vhd(90) File: D:/EE@IITB/EE 224/IITB_CPU_Project/Entities/Datapath/Datapath.vhd Line: 90
Info (10041): Inferred latch for "t3in[14]" at Datapath.vhd(90) File: D:/EE@IITB/EE 224/IITB_CPU_Project/Entities/Datapath/Datapath.vhd Line: 90
Info (10041): Inferred latch for "t3in[15]" at Datapath.vhd(90) File: D:/EE@IITB/EE 224/IITB_CPU_Project/Entities/Datapath/Datapath.vhd Line: 90
Info (10041): Inferred latch for "t2in[0]" at Datapath.vhd(90) File: D:/EE@IITB/EE 224/IITB_CPU_Project/Entities/Datapath/Datapath.vhd Line: 90
Info (10041): Inferred latch for "t2in[1]" at Datapath.vhd(90) File: D:/EE@IITB/EE 224/IITB_CPU_Project/Entities/Datapath/Datapath.vhd Line: 90
Info (10041): Inferred latch for "t2in[2]" at Datapath.vhd(90) File: D:/EE@IITB/EE 224/IITB_CPU_Project/Entities/Datapath/Datapath.vhd Line: 90
Info (10041): Inferred latch for "t2in[3]" at Datapath.vhd(90) File: D:/EE@IITB/EE 224/IITB_CPU_Project/Entities/Datapath/Datapath.vhd Line: 90
Info (10041): Inferred latch for "t2in[4]" at Datapath.vhd(90) File: D:/EE@IITB/EE 224/IITB_CPU_Project/Entities/Datapath/Datapath.vhd Line: 90
Info (10041): Inferred latch for "t2in[5]" at Datapath.vhd(90) File: D:/EE@IITB/EE 224/IITB_CPU_Project/Entities/Datapath/Datapath.vhd Line: 90
Info (10041): Inferred latch for "t2in[6]" at Datapath.vhd(90) File: D:/EE@IITB/EE 224/IITB_CPU_Project/Entities/Datapath/Datapath.vhd Line: 90
Info (10041): Inferred latch for "t2in[7]" at Datapath.vhd(90) File: D:/EE@IITB/EE 224/IITB_CPU_Project/Entities/Datapath/Datapath.vhd Line: 90
Info (10041): Inferred latch for "t2in[8]" at Datapath.vhd(90) File: D:/EE@IITB/EE 224/IITB_CPU_Project/Entities/Datapath/Datapath.vhd Line: 90
Info (10041): Inferred latch for "t2in[9]" at Datapath.vhd(90) File: D:/EE@IITB/EE 224/IITB_CPU_Project/Entities/Datapath/Datapath.vhd Line: 90
Info (10041): Inferred latch for "t2in[10]" at Datapath.vhd(90) File: D:/EE@IITB/EE 224/IITB_CPU_Project/Entities/Datapath/Datapath.vhd Line: 90
Info (10041): Inferred latch for "t2in[11]" at Datapath.vhd(90) File: D:/EE@IITB/EE 224/IITB_CPU_Project/Entities/Datapath/Datapath.vhd Line: 90
Info (10041): Inferred latch for "t2in[12]" at Datapath.vhd(90) File: D:/EE@IITB/EE 224/IITB_CPU_Project/Entities/Datapath/Datapath.vhd Line: 90
Info (10041): Inferred latch for "t2in[13]" at Datapath.vhd(90) File: D:/EE@IITB/EE 224/IITB_CPU_Project/Entities/Datapath/Datapath.vhd Line: 90
Info (10041): Inferred latch for "t2in[14]" at Datapath.vhd(90) File: D:/EE@IITB/EE 224/IITB_CPU_Project/Entities/Datapath/Datapath.vhd Line: 90
Info (10041): Inferred latch for "t2in[15]" at Datapath.vhd(90) File: D:/EE@IITB/EE 224/IITB_CPU_Project/Entities/Datapath/Datapath.vhd Line: 90
Info (10041): Inferred latch for "rfa2[0]" at Datapath.vhd(90) File: D:/EE@IITB/EE 224/IITB_CPU_Project/Entities/Datapath/Datapath.vhd Line: 90
Info (10041): Inferred latch for "rfa2[1]" at Datapath.vhd(90) File: D:/EE@IITB/EE 224/IITB_CPU_Project/Entities/Datapath/Datapath.vhd Line: 90
Info (10041): Inferred latch for "rfa2[2]" at Datapath.vhd(90) File: D:/EE@IITB/EE 224/IITB_CPU_Project/Entities/Datapath/Datapath.vhd Line: 90
Info (10041): Inferred latch for "rfa1[0]" at Datapath.vhd(90) File: D:/EE@IITB/EE 224/IITB_CPU_Project/Entities/Datapath/Datapath.vhd Line: 90
Info (10041): Inferred latch for "rfa1[1]" at Datapath.vhd(90) File: D:/EE@IITB/EE 224/IITB_CPU_Project/Entities/Datapath/Datapath.vhd Line: 90
Info (10041): Inferred latch for "rfa1[2]" at Datapath.vhd(90) File: D:/EE@IITB/EE 224/IITB_CPU_Project/Entities/Datapath/Datapath.vhd Line: 90
Info (10041): Inferred latch for "rfd3[0]" at Datapath.vhd(90) File: D:/EE@IITB/EE 224/IITB_CPU_Project/Entities/Datapath/Datapath.vhd Line: 90
Info (10041): Inferred latch for "rfd3[1]" at Datapath.vhd(90) File: D:/EE@IITB/EE 224/IITB_CPU_Project/Entities/Datapath/Datapath.vhd Line: 90
Info (10041): Inferred latch for "rfd3[2]" at Datapath.vhd(90) File: D:/EE@IITB/EE 224/IITB_CPU_Project/Entities/Datapath/Datapath.vhd Line: 90
Info (10041): Inferred latch for "rfd3[3]" at Datapath.vhd(90) File: D:/EE@IITB/EE 224/IITB_CPU_Project/Entities/Datapath/Datapath.vhd Line: 90
Info (10041): Inferred latch for "rfd3[4]" at Datapath.vhd(90) File: D:/EE@IITB/EE 224/IITB_CPU_Project/Entities/Datapath/Datapath.vhd Line: 90
Info (10041): Inferred latch for "rfd3[5]" at Datapath.vhd(90) File: D:/EE@IITB/EE 224/IITB_CPU_Project/Entities/Datapath/Datapath.vhd Line: 90
Info (10041): Inferred latch for "rfd3[6]" at Datapath.vhd(90) File: D:/EE@IITB/EE 224/IITB_CPU_Project/Entities/Datapath/Datapath.vhd Line: 90
Info (10041): Inferred latch for "rfd3[7]" at Datapath.vhd(90) File: D:/EE@IITB/EE 224/IITB_CPU_Project/Entities/Datapath/Datapath.vhd Line: 90
Info (10041): Inferred latch for "rfd3[8]" at Datapath.vhd(90) File: D:/EE@IITB/EE 224/IITB_CPU_Project/Entities/Datapath/Datapath.vhd Line: 90
Info (10041): Inferred latch for "rfd3[9]" at Datapath.vhd(90) File: D:/EE@IITB/EE 224/IITB_CPU_Project/Entities/Datapath/Datapath.vhd Line: 90
Info (10041): Inferred latch for "rfd3[10]" at Datapath.vhd(90) File: D:/EE@IITB/EE 224/IITB_CPU_Project/Entities/Datapath/Datapath.vhd Line: 90
Info (10041): Inferred latch for "rfd3[11]" at Datapath.vhd(90) File: D:/EE@IITB/EE 224/IITB_CPU_Project/Entities/Datapath/Datapath.vhd Line: 90
Info (10041): Inferred latch for "rfd3[12]" at Datapath.vhd(90) File: D:/EE@IITB/EE 224/IITB_CPU_Project/Entities/Datapath/Datapath.vhd Line: 90
Info (10041): Inferred latch for "rfd3[13]" at Datapath.vhd(90) File: D:/EE@IITB/EE 224/IITB_CPU_Project/Entities/Datapath/Datapath.vhd Line: 90
Info (10041): Inferred latch for "rfd3[14]" at Datapath.vhd(90) File: D:/EE@IITB/EE 224/IITB_CPU_Project/Entities/Datapath/Datapath.vhd Line: 90
Info (10041): Inferred latch for "rfd3[15]" at Datapath.vhd(90) File: D:/EE@IITB/EE 224/IITB_CPU_Project/Entities/Datapath/Datapath.vhd Line: 90
Info (10041): Inferred latch for "rfa3[0]" at Datapath.vhd(90) File: D:/EE@IITB/EE 224/IITB_CPU_Project/Entities/Datapath/Datapath.vhd Line: 90
Info (10041): Inferred latch for "rfa3[1]" at Datapath.vhd(90) File: D:/EE@IITB/EE 224/IITB_CPU_Project/Entities/Datapath/Datapath.vhd Line: 90
Info (10041): Inferred latch for "rfa3[2]" at Datapath.vhd(90) File: D:/EE@IITB/EE 224/IITB_CPU_Project/Entities/Datapath/Datapath.vhd Line: 90
Info (10041): Inferred latch for "aluOp[0]" at Datapath.vhd(90) File: D:/EE@IITB/EE 224/IITB_CPU_Project/Entities/Datapath/Datapath.vhd Line: 90
Info (10041): Inferred latch for "aluOp[1]" at Datapath.vhd(90) File: D:/EE@IITB/EE 224/IITB_CPU_Project/Entities/Datapath/Datapath.vhd Line: 90
Info (10041): Inferred latch for "aluB[0]" at Datapath.vhd(90) File: D:/EE@IITB/EE 224/IITB_CPU_Project/Entities/Datapath/Datapath.vhd Line: 90
Info (10041): Inferred latch for "aluB[1]" at Datapath.vhd(90) File: D:/EE@IITB/EE 224/IITB_CPU_Project/Entities/Datapath/Datapath.vhd Line: 90
Info (10041): Inferred latch for "aluB[2]" at Datapath.vhd(90) File: D:/EE@IITB/EE 224/IITB_CPU_Project/Entities/Datapath/Datapath.vhd Line: 90
Info (10041): Inferred latch for "aluB[3]" at Datapath.vhd(90) File: D:/EE@IITB/EE 224/IITB_CPU_Project/Entities/Datapath/Datapath.vhd Line: 90
Info (10041): Inferred latch for "aluB[4]" at Datapath.vhd(90) File: D:/EE@IITB/EE 224/IITB_CPU_Project/Entities/Datapath/Datapath.vhd Line: 90
Info (10041): Inferred latch for "aluB[5]" at Datapath.vhd(90) File: D:/EE@IITB/EE 224/IITB_CPU_Project/Entities/Datapath/Datapath.vhd Line: 90
Info (10041): Inferred latch for "aluB[6]" at Datapath.vhd(90) File: D:/EE@IITB/EE 224/IITB_CPU_Project/Entities/Datapath/Datapath.vhd Line: 90
Info (10041): Inferred latch for "aluB[7]" at Datapath.vhd(90) File: D:/EE@IITB/EE 224/IITB_CPU_Project/Entities/Datapath/Datapath.vhd Line: 90
Info (10041): Inferred latch for "aluB[8]" at Datapath.vhd(90) File: D:/EE@IITB/EE 224/IITB_CPU_Project/Entities/Datapath/Datapath.vhd Line: 90
Info (10041): Inferred latch for "aluB[9]" at Datapath.vhd(90) File: D:/EE@IITB/EE 224/IITB_CPU_Project/Entities/Datapath/Datapath.vhd Line: 90
Info (10041): Inferred latch for "aluB[10]" at Datapath.vhd(90) File: D:/EE@IITB/EE 224/IITB_CPU_Project/Entities/Datapath/Datapath.vhd Line: 90
Info (10041): Inferred latch for "aluB[11]" at Datapath.vhd(90) File: D:/EE@IITB/EE 224/IITB_CPU_Project/Entities/Datapath/Datapath.vhd Line: 90
Info (10041): Inferred latch for "aluB[12]" at Datapath.vhd(90) File: D:/EE@IITB/EE 224/IITB_CPU_Project/Entities/Datapath/Datapath.vhd Line: 90
Info (10041): Inferred latch for "aluB[13]" at Datapath.vhd(90) File: D:/EE@IITB/EE 224/IITB_CPU_Project/Entities/Datapath/Datapath.vhd Line: 90
Info (10041): Inferred latch for "aluB[14]" at Datapath.vhd(90) File: D:/EE@IITB/EE 224/IITB_CPU_Project/Entities/Datapath/Datapath.vhd Line: 90
Info (10041): Inferred latch for "aluB[15]" at Datapath.vhd(90) File: D:/EE@IITB/EE 224/IITB_CPU_Project/Entities/Datapath/Datapath.vhd Line: 90
Info (10041): Inferred latch for "aluA[0]" at Datapath.vhd(90) File: D:/EE@IITB/EE 224/IITB_CPU_Project/Entities/Datapath/Datapath.vhd Line: 90
Info (10041): Inferred latch for "aluA[1]" at Datapath.vhd(90) File: D:/EE@IITB/EE 224/IITB_CPU_Project/Entities/Datapath/Datapath.vhd Line: 90
Info (10041): Inferred latch for "aluA[2]" at Datapath.vhd(90) File: D:/EE@IITB/EE 224/IITB_CPU_Project/Entities/Datapath/Datapath.vhd Line: 90
Info (10041): Inferred latch for "aluA[3]" at Datapath.vhd(90) File: D:/EE@IITB/EE 224/IITB_CPU_Project/Entities/Datapath/Datapath.vhd Line: 90
Info (10041): Inferred latch for "aluA[4]" at Datapath.vhd(90) File: D:/EE@IITB/EE 224/IITB_CPU_Project/Entities/Datapath/Datapath.vhd Line: 90
Info (10041): Inferred latch for "aluA[5]" at Datapath.vhd(90) File: D:/EE@IITB/EE 224/IITB_CPU_Project/Entities/Datapath/Datapath.vhd Line: 90
Info (10041): Inferred latch for "aluA[6]" at Datapath.vhd(90) File: D:/EE@IITB/EE 224/IITB_CPU_Project/Entities/Datapath/Datapath.vhd Line: 90
Info (10041): Inferred latch for "aluA[7]" at Datapath.vhd(90) File: D:/EE@IITB/EE 224/IITB_CPU_Project/Entities/Datapath/Datapath.vhd Line: 90
Info (10041): Inferred latch for "aluA[8]" at Datapath.vhd(90) File: D:/EE@IITB/EE 224/IITB_CPU_Project/Entities/Datapath/Datapath.vhd Line: 90
Info (10041): Inferred latch for "aluA[9]" at Datapath.vhd(90) File: D:/EE@IITB/EE 224/IITB_CPU_Project/Entities/Datapath/Datapath.vhd Line: 90
Info (10041): Inferred latch for "aluA[10]" at Datapath.vhd(90) File: D:/EE@IITB/EE 224/IITB_CPU_Project/Entities/Datapath/Datapath.vhd Line: 90
Info (10041): Inferred latch for "aluA[11]" at Datapath.vhd(90) File: D:/EE@IITB/EE 224/IITB_CPU_Project/Entities/Datapath/Datapath.vhd Line: 90
Info (10041): Inferred latch for "aluA[12]" at Datapath.vhd(90) File: D:/EE@IITB/EE 224/IITB_CPU_Project/Entities/Datapath/Datapath.vhd Line: 90
Info (10041): Inferred latch for "aluA[13]" at Datapath.vhd(90) File: D:/EE@IITB/EE 224/IITB_CPU_Project/Entities/Datapath/Datapath.vhd Line: 90
Info (10041): Inferred latch for "aluA[14]" at Datapath.vhd(90) File: D:/EE@IITB/EE 224/IITB_CPU_Project/Entities/Datapath/Datapath.vhd Line: 90
Info (10041): Inferred latch for "aluA[15]" at Datapath.vhd(90) File: D:/EE@IITB/EE 224/IITB_CPU_Project/Entities/Datapath/Datapath.vhd Line: 90
Info (10041): Inferred latch for "enable[0]" at Datapath.vhd(90) File: D:/EE@IITB/EE 224/IITB_CPU_Project/Entities/Datapath/Datapath.vhd Line: 90
Info (10041): Inferred latch for "enable[1]" at Datapath.vhd(90) File: D:/EE@IITB/EE 224/IITB_CPU_Project/Entities/Datapath/Datapath.vhd Line: 90
Info (10041): Inferred latch for "enable[2]" at Datapath.vhd(90) File: D:/EE@IITB/EE 224/IITB_CPU_Project/Entities/Datapath/Datapath.vhd Line: 90
Info (10041): Inferred latch for "enable[3]" at Datapath.vhd(90) File: D:/EE@IITB/EE 224/IITB_CPU_Project/Entities/Datapath/Datapath.vhd Line: 90
Info (10041): Inferred latch for "enable[4]" at Datapath.vhd(90) File: D:/EE@IITB/EE 224/IITB_CPU_Project/Entities/Datapath/Datapath.vhd Line: 90
Info (10041): Inferred latch for "enable[5]" at Datapath.vhd(90) File: D:/EE@IITB/EE 224/IITB_CPU_Project/Entities/Datapath/Datapath.vhd Line: 90
Info (10041): Inferred latch for "enable[6]" at Datapath.vhd(90) File: D:/EE@IITB/EE 224/IITB_CPU_Project/Entities/Datapath/Datapath.vhd Line: 90
Info (10041): Inferred latch for "enable[7]" at Datapath.vhd(90) File: D:/EE@IITB/EE 224/IITB_CPU_Project/Entities/Datapath/Datapath.vhd Line: 90
Info (10041): Inferred latch for "enable[8]" at Datapath.vhd(90) File: D:/EE@IITB/EE 224/IITB_CPU_Project/Entities/Datapath/Datapath.vhd Line: 90
Info (10041): Inferred latch for "t1in[0]" at Datapath.vhd(90) File: D:/EE@IITB/EE 224/IITB_CPU_Project/Entities/Datapath/Datapath.vhd Line: 90
Info (10041): Inferred latch for "t1in[1]" at Datapath.vhd(90) File: D:/EE@IITB/EE 224/IITB_CPU_Project/Entities/Datapath/Datapath.vhd Line: 90
Info (10041): Inferred latch for "t1in[2]" at Datapath.vhd(90) File: D:/EE@IITB/EE 224/IITB_CPU_Project/Entities/Datapath/Datapath.vhd Line: 90
Info (10041): Inferred latch for "t1in[3]" at Datapath.vhd(90) File: D:/EE@IITB/EE 224/IITB_CPU_Project/Entities/Datapath/Datapath.vhd Line: 90
Info (10041): Inferred latch for "t1in[4]" at Datapath.vhd(90) File: D:/EE@IITB/EE 224/IITB_CPU_Project/Entities/Datapath/Datapath.vhd Line: 90
Info (10041): Inferred latch for "t1in[5]" at Datapath.vhd(90) File: D:/EE@IITB/EE 224/IITB_CPU_Project/Entities/Datapath/Datapath.vhd Line: 90
Info (10041): Inferred latch for "t1in[6]" at Datapath.vhd(90) File: D:/EE@IITB/EE 224/IITB_CPU_Project/Entities/Datapath/Datapath.vhd Line: 90
Info (10041): Inferred latch for "t1in[7]" at Datapath.vhd(90) File: D:/EE@IITB/EE 224/IITB_CPU_Project/Entities/Datapath/Datapath.vhd Line: 90
Info (10041): Inferred latch for "t1in[8]" at Datapath.vhd(90) File: D:/EE@IITB/EE 224/IITB_CPU_Project/Entities/Datapath/Datapath.vhd Line: 90
Info (10041): Inferred latch for "t1in[9]" at Datapath.vhd(90) File: D:/EE@IITB/EE 224/IITB_CPU_Project/Entities/Datapath/Datapath.vhd Line: 90
Info (10041): Inferred latch for "t1in[10]" at Datapath.vhd(90) File: D:/EE@IITB/EE 224/IITB_CPU_Project/Entities/Datapath/Datapath.vhd Line: 90
Info (10041): Inferred latch for "t1in[11]" at Datapath.vhd(90) File: D:/EE@IITB/EE 224/IITB_CPU_Project/Entities/Datapath/Datapath.vhd Line: 90
Info (10041): Inferred latch for "t1in[12]" at Datapath.vhd(90) File: D:/EE@IITB/EE 224/IITB_CPU_Project/Entities/Datapath/Datapath.vhd Line: 90
Info (10041): Inferred latch for "t1in[13]" at Datapath.vhd(90) File: D:/EE@IITB/EE 224/IITB_CPU_Project/Entities/Datapath/Datapath.vhd Line: 90
Info (10041): Inferred latch for "t1in[14]" at Datapath.vhd(90) File: D:/EE@IITB/EE 224/IITB_CPU_Project/Entities/Datapath/Datapath.vhd Line: 90
Info (10041): Inferred latch for "t1in[15]" at Datapath.vhd(90) File: D:/EE@IITB/EE 224/IITB_CPU_Project/Entities/Datapath/Datapath.vhd Line: 90
Info (10041): Inferred latch for "memAddr[0]" at Datapath.vhd(90) File: D:/EE@IITB/EE 224/IITB_CPU_Project/Entities/Datapath/Datapath.vhd Line: 90
Info (10041): Inferred latch for "memAddr[1]" at Datapath.vhd(90) File: D:/EE@IITB/EE 224/IITB_CPU_Project/Entities/Datapath/Datapath.vhd Line: 90
Info (10041): Inferred latch for "memAddr[2]" at Datapath.vhd(90) File: D:/EE@IITB/EE 224/IITB_CPU_Project/Entities/Datapath/Datapath.vhd Line: 90
Info (10041): Inferred latch for "memAddr[3]" at Datapath.vhd(90) File: D:/EE@IITB/EE 224/IITB_CPU_Project/Entities/Datapath/Datapath.vhd Line: 90
Info (10041): Inferred latch for "memAddr[4]" at Datapath.vhd(90) File: D:/EE@IITB/EE 224/IITB_CPU_Project/Entities/Datapath/Datapath.vhd Line: 90
Info (10041): Inferred latch for "memAddr[5]" at Datapath.vhd(90) File: D:/EE@IITB/EE 224/IITB_CPU_Project/Entities/Datapath/Datapath.vhd Line: 90
Info (10041): Inferred latch for "memAddr[6]" at Datapath.vhd(90) File: D:/EE@IITB/EE 224/IITB_CPU_Project/Entities/Datapath/Datapath.vhd Line: 90
Info (10041): Inferred latch for "memAddr[7]" at Datapath.vhd(90) File: D:/EE@IITB/EE 224/IITB_CPU_Project/Entities/Datapath/Datapath.vhd Line: 90
Info (10041): Inferred latch for "memAddr[8]" at Datapath.vhd(90) File: D:/EE@IITB/EE 224/IITB_CPU_Project/Entities/Datapath/Datapath.vhd Line: 90
Info (10041): Inferred latch for "memAddr[9]" at Datapath.vhd(90) File: D:/EE@IITB/EE 224/IITB_CPU_Project/Entities/Datapath/Datapath.vhd Line: 90
Info (10041): Inferred latch for "memAddr[10]" at Datapath.vhd(90) File: D:/EE@IITB/EE 224/IITB_CPU_Project/Entities/Datapath/Datapath.vhd Line: 90
Info (10041): Inferred latch for "memAddr[11]" at Datapath.vhd(90) File: D:/EE@IITB/EE 224/IITB_CPU_Project/Entities/Datapath/Datapath.vhd Line: 90
Info (10041): Inferred latch for "memAddr[12]" at Datapath.vhd(90) File: D:/EE@IITB/EE 224/IITB_CPU_Project/Entities/Datapath/Datapath.vhd Line: 90
Info (10041): Inferred latch for "memAddr[13]" at Datapath.vhd(90) File: D:/EE@IITB/EE 224/IITB_CPU_Project/Entities/Datapath/Datapath.vhd Line: 90
Info (10041): Inferred latch for "memAddr[14]" at Datapath.vhd(90) File: D:/EE@IITB/EE 224/IITB_CPU_Project/Entities/Datapath/Datapath.vhd Line: 90
Info (10041): Inferred latch for "memAddr[15]" at Datapath.vhd(90) File: D:/EE@IITB/EE 224/IITB_CPU_Project/Entities/Datapath/Datapath.vhd Line: 90
Error (12006): Node instance "T1" instantiates undefined entity "register_component". Ensure that required library paths are specified correctly, define the specified entity, or change the instantiation. If this entity represents Intel FPGA or third-party IP, generate the synthesis files for the IP. File: D:/EE@IITB/EE 224/IITB_CPU_Project/Entities/Datapath/Datapath.vhd Line: 76
Error (12006): Node instance "T2" instantiates undefined entity "register_component". Ensure that required library paths are specified correctly, define the specified entity, or change the instantiation. If this entity represents Intel FPGA or third-party IP, generate the synthesis files for the IP. File: D:/EE@IITB/EE 224/IITB_CPU_Project/Entities/Datapath/Datapath.vhd Line: 77
Error (12006): Node instance "T3" instantiates undefined entity "register_component". Ensure that required library paths are specified correctly, define the specified entity, or change the instantiation. If this entity represents Intel FPGA or third-party IP, generate the synthesis files for the IP. File: D:/EE@IITB/EE 224/IITB_CPU_Project/Entities/Datapath/Datapath.vhd Line: 78
Error (12006): Node instance "alu_instance" instantiates undefined entity "ALU". Ensure that required library paths are specified correctly, define the specified entity, or change the instantiation. If this entity represents Intel FPGA or third-party IP, generate the synthesis files for the IP. File: D:/EE@IITB/EE 224/IITB_CPU_Project/Entities/Datapath/Datapath.vhd Line: 80
Error (12006): Node instance "mem" instantiates undefined entity "memory_unit". Ensure that required library paths are specified correctly, define the specified entity, or change the instantiation. If this entity represents Intel FPGA or third-party IP, generate the synthesis files for the IP. File: D:/EE@IITB/EE 224/IITB_CPU_Project/Entities/Datapath/Datapath.vhd Line: 82
Error (12006): Node instance "rf" instantiates undefined entity "Register_file". Ensure that required library paths are specified correctly, define the specified entity, or change the instantiation. If this entity represents Intel FPGA or third-party IP, generate the synthesis files for the IP. File: D:/EE@IITB/EE 224/IITB_CPU_Project/Entities/Datapath/Datapath.vhd Line: 84
Error (12006): Node instance "sign_extend_10" instantiates undefined entity "sign_extend_6". Ensure that required library paths are specified correctly, define the specified entity, or change the instantiation. If this entity represents Intel FPGA or third-party IP, generate the synthesis files for the IP. File: D:/EE@IITB/EE 224/IITB_CPU_Project/Entities/Datapath/Datapath.vhd Line: 86
Error (12006): Node instance "sign_extend_7" instantiates undefined entity "sign_extend_9". Ensure that required library paths are specified correctly, define the specified entity, or change the instantiation. If this entity represents Intel FPGA or third-party IP, generate the synthesis files for the IP. File: D:/EE@IITB/EE 224/IITB_CPU_Project/Entities/Datapath/Datapath.vhd Line: 87
Error: Quartus Prime Analysis & Synthesis was unsuccessful. 8 errors, 15 warnings
    Error: Peak virtual memory: 4777 megabytes
    Error: Processing ended: Sat Dec 17 18:56:28 2022
    Error: Elapsed time: 00:00:14
    Error: Total CPU time (on all processors): 00:00:19


